[23:46:47] [Render thread/INFO]: Environment: authHost='https://authserver.mojang.com', accountsHost='https://api.mojang.com', sessionHost='https://sessionserver.mojang.com', servicesHost='https://api.minecraftservices.com', name='PROD'
[23:46:48] [Render thread/ERROR]: Failed to verify authentication
com.mojang.authlib.exceptions.InvalidCredentialsException: Status: 401
	at com.mojang.authlib.exceptions.MinecraftClientHttpException.toAuthenticationException(MinecraftClientHttpException.java:56) ~[authlib-3.2.38.jar:?]
	at com.mojang.authlib.yggdrasil.YggdrasilUserApiService.fetchProperties(YggdrasilUserApiService.java:132) ~[authlib-3.2.38.jar:?]
	at com.mojang.authlib.yggdrasil.YggdrasilUserApiService.<init>(YggdrasilUserApiService.java:44) ~[authlib-3.2.38.jar:?]
	at com.mojang.authlib.yggdrasil.YggdrasilAuthenticationService.createUserApiService(YggdrasilAuthenticationService.java:153) ~[authlib-3.2.38.jar:?]
	at dxo.a(SourceFile:670) [1.18.jar:?]
	at dxo.<init>(SourceFile:424) [1.18.jar:?]
	at net.minecraft.client.main.Main.main(SourceFile:197) [1.18.jar:?]
Caused by: com.mojang.authlib.exceptions.MinecraftClientHttpException: Status: 401
	at com.mojang.authlib.minecraft.client.MinecraftClient.readInputStream(MinecraftClient.java:78) ~[authlib-3.2.38.jar:?]
	at com.mojang.authlib.minecraft.client.MinecraftClient.get(MinecraftClient.java:48) ~[authlib-3.2.38.jar:?]
	at com.mojang.authlib.yggdrasil.YggdrasilUserApiService.fetchProperties(YggdrasilUserApiService.java:113) ~[authlib-3.2.38.jar:?]
	... 5 more
[23:46:48] [Render thread/INFO]: Setting user: Player
[23:46:48] [Render thread/INFO]: Backend library: LWJGL version 3.2.2 build 10
[23:46:51] [Render thread/INFO]: Narrator library successfully loaded
[23:46:51] [Render thread/INFO]: Reloading ResourceManager: Default
[23:46:52] [Realms Notification Availability checker #1/ERROR]: Realms error code: 400 message: 
[23:46:58] [Render thread/INFO]: OpenAL initialized on device Family 17h (Models 10h-1fh) HD Audio Controller Analog Stereo
[23:46:58] [Render thread/INFO]: Sound engine started
[23:46:59] [Render thread/INFO]: Created: 1024x1024x4 minecraft:textures/atlas/blocks.png-atlas
[23:46:59] [Render thread/INFO]: Created: 256x128x4 minecraft:textures/atlas/signs.png-atlas
[23:46:59] [Render thread/INFO]: Created: 1024x512x4 minecraft:textures/atlas/banner_patterns.png-atlas
[23:46:59] [Render thread/INFO]: Created: 1024x512x4 minecraft:textures/atlas/shield_patterns.png-atlas
[23:46:59] [Render thread/INFO]: Created: 256x256x4 minecraft:textures/atlas/chest.png-atlas
[23:46:59] [Render thread/INFO]: Created: 512x256x4 minecraft:textures/atlas/beds.png-atlas
[23:46:59] [Render thread/INFO]: Created: 512x256x4 minecraft:textures/atlas/shulker_boxes.png-atlas
[23:47:01] [Render thread/INFO]: Created: 256x256x0 minecraft:textures/atlas/particles.png-atlas
[23:47:01] [Render thread/INFO]: Created: 256x256x0 minecraft:textures/atlas/paintings.png-atlas
[23:47:01] [Render thread/INFO]: Created: 256x128x0 minecraft:textures/atlas/mob_effects.png-atlas
[23:47:01] [Realms Notification Availability checker #1/ERROR]: Realms error code: 400 message: 
[23:47:10] [Realms Notification Availability checker #1/ERROR]: Realms error code: 400 message: 
[23:47:18] [Realms Notification Availability checker #1/ERROR]: Realms error code: 400 message: 
[23:47:29] [Realms Notification Availability checker #1/ERROR]: Realms error code: 400 message: 
[23:47:53] [Render thread/INFO]: Stopping!
